<?xml version="1.0" encoding="UTF-8"?>
<!-- Generated by org.testng.reporters.JUnitXMLReporter -->
<testsuite ignored="1" hostname="DESKTOP-CJA0QNI" failures="0" tests="2" name="Default test" time="26.149" errors="0" timestamp="2024-09-26T15:06:08 IST">
  <testcase classname="com.cgi.test.LoginTest" name="invalidLoginTest" time="3.617"/>
  <testcase classname="com.cgi.test.LoginTest" name="invalidLoginTest" time="2.342"/>
  <testcase classname="com.cgi.test.LoginTest" name="validLoginTest" time="0.0">
    <ignored/>
  </testcase> <!-- validLoginTest -->
</testsuite> <!-- Default test -->
