<?xml version="1.0" encoding="UTF-8"?>
<!-- Generated by org.testng.reporters.JUnitXMLReporter -->
<testsuite ignored="1" hostname="DESKTOP-CJA0QNI" failures="0" tests="1" name="Default test" time="38.816" errors="0" timestamp="2024-09-26T17:10:37 IST">
  <testcase classname="com.cgi.test.LoginTest" name="validLoginTest" time="7.105"/>
  <testcase classname="com.cgi.test.LoginTest" name="invalidLoginTest" time="0.0">
    <ignored/>
  </testcase> <!-- invalidLoginTest -->
</testsuite> <!-- Default test -->
