<?xml version="1.0" encoding="UTF-8"?>
<!-- Generated by org.testng.reporters.JUnitXMLReporter -->
<testsuite ignored="2" hostname="DESKTOP-CJA0QNI" failures="0" tests="2" name="Login UI Test" time="21.755" errors="0" timestamp="2024-09-26T17:01:57 IST">
  <testcase classname="com.cgi.test.LoginUITest" name="titleTest" time="0.017"/>
  <testcase classname="com.cgi.test.LoginTest" name="validLoginTest" time="2.697"/>
  <testcase classname="com.cgi.test.LoginUITest" name="headerTest" time="0.0">
    <ignored/>
  </testcase> <!-- headerTest -->
  <testcase classname="com.cgi.test.LoginTest" name="invalidLoginTest" time="0.0">
    <ignored/>
  </testcase> <!-- invalidLoginTest -->
</testsuite> <!-- Login UI Test -->
