<?xml version="1.0" encoding="UTF-8"?>
<testng-results ignored="0" total="2" passed="2" failed="0" skipped="0">
  <reporter-output>
  </reporter-output>
  <suite started-at="2024-09-26T15:05:42 IST" name="Default suite" finished-at="2024-09-26T15:06:08 IST" duration-ms="26149">
    <groups>
    </groups>
    <test started-at="2024-09-26T15:05:42 IST" name="Default test" finished-at="2024-09-26T15:06:08 IST" duration-ms="26149">
      <class name="com.cgi.test.LoginTest">
        <test-method is-config="true" signature="setup()[pri:0, instance:com.cgi.test.LoginTest@49049a04]" started-at="2024-09-26T15:05:42 IST" name="setup" finished-at="2024-09-26T15:05:53 IST" duration-ms="10369" status="PASS">
          <reporter-output>
          </reporter-output>
        </test-method> <!-- setup -->
        <test-method signature="invalidLoginTest(java.lang.String,java.lang.String,java.lang.String)[pri:0, instance:com.cgi.test.LoginTest@49049a04]" started-at="2024-09-26T15:05:53 IST" name="invalidLoginTest" data-provider="invalidLoginTestData" finished-at="2024-09-26T15:05:56 IST" duration-ms="3617" status="PASS">
          <params>
            <param index="0">
              <value>
                <![CDATA[peter]]>
              </value>
            </param>
            <param index="1">
              <value>
                <![CDATA[peter23]]>
              </value>
            </param>
            <param index="2">
              <value>
                <![CDATA[Invalid credentials]]>
              </value>
            </param>
          </params>
          <reporter-output>
          </reporter-output>
        </test-method> <!-- invalidLoginTest -->
        <test-method is-config="true" signature="teardown()[pri:0, instance:com.cgi.test.LoginTest@49049a04]" started-at="2024-09-26T15:05:56 IST" name="teardown" finished-at="2024-09-26T15:05:56 IST" duration-ms="143" status="PASS">
          <reporter-output>
          </reporter-output>
        </test-method> <!-- teardown -->
        <test-method is-config="true" signature="setup()[pri:0, instance:com.cgi.test.LoginTest@49049a04]" started-at="2024-09-26T15:05:56 IST" name="setup" finished-at="2024-09-26T15:06:06 IST" duration-ms="9514" status="PASS">
          <reporter-output>
          </reporter-output>
        </test-method> <!-- setup -->
        <test-method signature="invalidLoginTest(java.lang.String,java.lang.String,java.lang.String)[pri:0, instance:com.cgi.test.LoginTest@49049a04]" started-at="2024-09-26T15:06:06 IST" name="invalidLoginTest" data-provider="invalidLoginTestData" finished-at="2024-09-26T15:06:08 IST" duration-ms="2342" status="PASS">
          <params>
            <param index="0">
              <value>
                <![CDATA[kim]]>
              </value>
            </param>
            <param index="1">
              <value>
                <![CDATA[kim123]]>
              </value>
            </param>
            <param index="2">
              <value>
                <![CDATA[Invalid credentials]]>
              </value>
            </param>
          </params>
          <reporter-output>
          </reporter-output>
        </test-method> <!-- invalidLoginTest -->
        <test-method is-config="true" signature="teardown()[pri:0, instance:com.cgi.test.LoginTest@49049a04]" started-at="2024-09-26T15:06:08 IST" name="teardown" finished-at="2024-09-26T15:06:08 IST" duration-ms="110" status="PASS">
          <reporter-output>
          </reporter-output>
        </test-method> <!-- teardown -->
      </class> <!-- com.cgi.test.LoginTest -->
    </test> <!-- Default test -->
  </suite> <!-- Default suite -->
</testng-results>
