<?xml version="1.0" encoding="UTF-8"?>
<testng-results ignored="0" total="1" passed="1" failed="0" skipped="0">
  <reporter-output>
  </reporter-output>
  <suite started-at="2024-09-25T17:40:35 IST" name="Default suite" finished-at="2024-09-25T17:40:47 IST" duration-ms="12221">
    <groups>
    </groups>
    <test started-at="2024-09-25T17:40:35 IST" name="Default test" finished-at="2024-09-25T17:40:47 IST" duration-ms="12221">
      <class name="com.cgi.test.LoginTest">
        <test-method is-config="true" signature="setup()[pri:0, instance:com.cgi.test.LoginTest@6253c26]" started-at="2024-09-25T17:40:35 IST" name="setup" finished-at="2024-09-25T17:40:44 IST" duration-ms="9632" status="PASS">
          <reporter-output>
          </reporter-output>
        </test-method> <!-- setup -->
        <test-method signature="validLoginTest()[pri:0, instance:com.cgi.test.LoginTest@6253c26]" started-at="2024-09-25T17:40:44 IST" name="validLoginTest" finished-at="2024-09-25T17:40:47 IST" duration-ms="2389" status="PASS">
          <reporter-output>
          </reporter-output>
        </test-method> <!-- validLoginTest -->
        <test-method is-config="true" signature="teardown()[pri:0, instance:com.cgi.test.LoginTest@6253c26]" started-at="2024-09-25T17:40:47 IST" name="teardown" finished-at="2024-09-25T17:40:47 IST" duration-ms="155" status="PASS">
          <reporter-output>
          </reporter-output>
        </test-method> <!-- teardown -->
      </class> <!-- com.cgi.test.LoginTest -->
    </test> <!-- Default test -->
  </suite> <!-- Default suite -->
</testng-results>
