<?xml version="1.0" encoding="UTF-8"?>
<testng-results ignored="0" total="1" passed="1" failed="0" skipped="0">
  <reporter-output>
  </reporter-output>
  <suite started-at="2024-09-26T17:09:58 IST" name="Default suite" finished-at="2024-09-26T17:10:37 IST" duration-ms="38816">
    <groups>
      <group name="smoke">
        <method signature="LoginTest.validLoginTest(java.lang.String,java.lang.String,java.lang.String)[pri:0, instance:com.cgi.test.LoginTest@b9b00e0]" name="validLoginTest" class="com.cgi.test.LoginTest"/>
      </group> <!-- smoke -->
      <group name="login">
        <method signature="LoginTest.validLoginTest(java.lang.String,java.lang.String,java.lang.String)[pri:0, instance:com.cgi.test.LoginTest@b9b00e0]" name="validLoginTest" class="com.cgi.test.LoginTest"/>
      </group> <!-- login -->
    </groups>
    <test started-at="2024-09-26T17:09:58 IST" name="Default test" finished-at="2024-09-26T17:10:37 IST" duration-ms="38816">
      <class name="com.cgi.test.LoginTest">
        <test-method is-config="true" signature="setup(java.lang.String)[pri:0, instance:com.cgi.test.LoginTest@b9b00e0]" started-at="2024-09-26T17:10:14 IST" name="setup" finished-at="2024-09-26T17:10:28 IST" duration-ms="13551" status="PASS">
          <params>
            <param index="0">
              <value>
                <![CDATA[ch]]>
              </value>
            </param>
          </params>
          <reporter-output>
          </reporter-output>
        </test-method> <!-- setup -->
        <test-method signature="validLoginTest(java.lang.String,java.lang.String,java.lang.String)[pri:0, instance:com.cgi.test.LoginTest@b9b00e0]" started-at="2024-09-26T17:10:28 IST" name="validLoginTest" data-provider="commonDataProvider" finished-at="2024-09-26T17:10:35 IST" duration-ms="7105" status="PASS">
          <params>
            <param index="0">
              <value>
                <![CDATA[Admin]]>
              </value>
            </param>
            <param index="1">
              <value>
                <![CDATA[admin123]]>
              </value>
            </param>
            <param index="2">
              <value>
                <![CDATA[Quick Launch]]>
              </value>
            </param>
          </params>
          <reporter-output>
          </reporter-output>
        </test-method> <!-- validLoginTest -->
        <test-method is-config="true" signature="teardown()[pri:0, instance:com.cgi.test.LoginTest@b9b00e0]" started-at="2024-09-26T17:10:35 IST" name="teardown" finished-at="2024-09-26T17:10:37 IST" duration-ms="2295" status="PASS">
          <reporter-output>
          </reporter-output>
        </test-method> <!-- teardown -->
      </class> <!-- com.cgi.test.LoginTest -->
    </test> <!-- Default test -->
  </suite> <!-- Default suite -->
</testng-results>
