<?xml version="1.0" encoding="UTF-8"?>
<testng-results ignored="0" total="1" passed="1" failed="0" skipped="0">
  <reporter-output>
  </reporter-output>
  <suite started-at="2024-09-27T14:25:00 IST" name="Default suite" finished-at="2024-09-27T14:25:11 IST" duration-ms="10743">
    <groups>
      <group name="ui">
        <method signature="LoginUITest.titleTest()[pri:0, instance:com.cgi.test.LoginUITest@13fd2ccd]" name="titleTest" class="com.cgi.test.LoginUITest"/>
      </group> <!-- ui -->
      <group name="smoke">
        <method signature="LoginUITest.titleTest()[pri:0, instance:com.cgi.test.LoginUITest@13fd2ccd]" name="titleTest" class="com.cgi.test.LoginUITest"/>
      </group> <!-- smoke -->
    </groups>
    <test started-at="2024-09-27T14:25:00 IST" name="Default test" finished-at="2024-09-27T14:25:11 IST" duration-ms="10743">
      <class name="com.cgi.test.LoginUITest">
        <test-method is-config="true" signature="setup(java.lang.String)[pri:0, instance:com.cgi.test.LoginUITest@13fd2ccd]" started-at="2024-09-27T14:25:00 IST" name="setup" finished-at="2024-09-27T14:25:10 IST" duration-ms="10496" status="PASS">
          <params>
            <param index="0">
              <value>
                <![CDATA[ch]]>
              </value>
            </param>
          </params>
          <reporter-output>
          </reporter-output>
        </test-method> <!-- setup -->
        <test-method signature="titleTest()[pri:0, instance:com.cgi.test.LoginUITest@13fd2ccd]" started-at="2024-09-27T14:25:10 IST" name="titleTest" finished-at="2024-09-27T14:25:10 IST" duration-ms="35" status="PASS">
          <reporter-output>
          </reporter-output>
        </test-method> <!-- titleTest -->
        <test-method is-config="true" signature="teardown()[pri:0, instance:com.cgi.test.LoginUITest@13fd2ccd]" started-at="2024-09-27T14:25:10 IST" name="teardown" finished-at="2024-09-27T14:25:11 IST" duration-ms="164" status="PASS">
          <reporter-output>
          </reporter-output>
        </test-method> <!-- teardown -->
      </class> <!-- com.cgi.test.LoginUITest -->
    </test> <!-- Default test -->
  </suite> <!-- Default suite -->
</testng-results>
