<?xml version="1.0" encoding="UTF-8"?>
<!-- Generated by org.testng.reporters.JUnitXMLReporter -->
<testsuite ignored="2" hostname="DESKTOP-CJA0QNI" failures="0" tests="2" name="Login UI Test(failed)" time="23.446" errors="0" timestamp="2024-09-26T17:06:32 IST">
  <testcase classname="com.cgi.test.LoginTest" name="validLoginTest" time="3.149"/>
  <testcase classname="com.cgi.test.LoginUITest" name="titleTest" time="0.008"/>
  <testcase classname="com.cgi.test.LoginTest" name="invalidLoginTest" time="0.0">
    <ignored/>
  </testcase> <!-- invalidLoginTest -->
  <testcase classname="com.cgi.test.LoginUITest" name="headerTest" time="0.0">
    <ignored/>
  </testcase> <!-- headerTest -->
</testsuite> <!-- Login UI Test(failed) -->
